This file contains any messages produced by compilers while
running configure, to aid debugging if configure makes a mistake.

It was created by imaxima.el configure imath.el, which was
generated by GNU Autoconf 2.59.  Invocation command line was

  $ ./configure 

## --------- ##
## Platform. ##
## --------- ##

hostname = vivaldi
uname -m = x86_64
uname -r = 2.6.20-16-generic
uname -s = Linux
uname -v = #2 SMP Thu Jun 7 19:00:28 UTC 2007

/usr/bin/uname -p = unknown
/bin/uname -X     = unknown

/bin/arch              = x86_64
/usr/bin/arch -k       = unknown
/usr/convex/getsysinfo = unknown
hostinfo               = unknown
/bin/machine           = unknown
/usr/bin/oslevel       = unknown
/bin/universe          = unknown

PATH: /usr/local/sbin
PATH: /usr/local/bin
PATH: /usr/sbin
PATH: /usr/bin
PATH: /sbin
PATH: /bin
PATH: /usr/games


## ----------- ##
## Core tests. ##
## ----------- ##

configure:1297: checking for a BSD-compatible install
configure:1352: result: /usr/bin/install -c
configure:1363: checking whether build environment is sane
configure:1406: result: yes
configure:1463: checking for gawk
configure:1479: found /usr/bin/gawk
configure:1489: result: gawk
configure:1499: checking whether make sets $(MAKE)
configure:1519: result: yes
configure:1696: checking for a BSD-compatible install
configure:1751: result: /usr/bin/install -c
configure:1769: checking for emacs
configure:1785: found /usr/bin/emacs
configure:1795: result: emacs
configure:1819: checking where .elc files should go
configure:1832: $EMACS -batch -q -eval '(while load-path (princ (concat (car load-path) "\n")) (setq load-path (cdr load-path)))' </dev/null >conftest.out
Loading 00debian-vars...
Loading /etc/emacs/site-start.d/20apel.el (source)...
Loading /etc/emacs-snapshot/site-start.d/20gnus-init.el (source)...
Loading /etc/emacs-snapshot/site-start.d/35elib-startup.el (source)...
Loading /etc/emacs/site-start.d/50acl2-emacs.el (source)...
Loading /etc/emacs/site-start.d/50anthy-el.el (source)...
Loading /etc/emacs-snapshot/site-start.d/50auctex.el (source)...
Loading /usr/share/emacs/22.0.91/site-lisp/auctex.el (source)...
Loading /usr/share/emacs/22.0.91/site-lisp/preview-latex.el (source)...
Loading /etc/emacs/site-start.d/50autoconf.el (source)...
Loading /etc/emacs/site-start.d/50bigloo-ude.el (source)...
Loading /etc/emacs/site-start.d/50cedet-common.el (source)...
Loading /etc/emacs/site-start.d/50crypt++.el (source)...
Loading /etc/emacs/site-start.d/50css-mode.el (source)...
Loading /etc/emacs/site-start.d/50ddskk.el (source)...
Loading /etc/emacs/site-start.d/50develock-el.el (source)...
Package develock-el removed but not purged.  Skipping setup.
Loading /etc/emacs/site-start.d/50devhelp.el (source)...
Loading /etc/emacs/site-start.d/50devscripts-el.el (source)...
Package devscripts-el removed but not purged.  Skipping setup.
Loading /etc/emacs/site-start.d/50dictem.el (source)...
Loading /etc/emacs/site-start.d/50dictionaries-common.el (source)...
Skipping dictionaries-common setup for emacs-snapshot
Loading /etc/emacs/site-start.d/50dictionary-el.el (source)...
Loading dictionary-init...
Loading /etc/emacs/site-start.d/50dpkg-dev-el.el (source)...
Loading /etc/emacs/site-start.d/50edb.el (source)...
Loading /etc/emacs/site-start.d/50edict-el.el (source)...
Loading /etc/emacs/site-start.d/50eieio.el (source)...
Loading /etc/emacs/site-start.d/50elpoint.el (source)...
Loading /etc/emacs/site-start.d/50elscreen.el (source)...
Loading /etc/emacs/site-start.d/50elserv.el (source)...
Package elserv removed but not purged.  Skipping setup.
Loading /etc/emacs/site-start.d/50emacs-color-themes.el (source)...
Loading /etc/emacs/site-start.d/50emacs-extra.el (source)...
Loading /usr/share/emacs/site-lisp/emacs-extra/emacs-extra.el (source)...
Loading /usr/share/emacs-extra/misc/calculator.el (source)...
Loading /usr/share/emacs-extra/misc/ctypes.el (source)...
Loading /usr/share/emacs-extra/misc/reindent.el (source)...
Loading /usr/share/emacs-extra/misc/std_comment.el (source)...
Loading /etc/emacs/site-start.d/50emacs-goodies-el.el (source)...
Loading /etc/emacs/site-start.d/50emacs-intl-fonts.el (source)...
Loading /etc/emacs/site-start.d/50emacs-jabber.el (source)...
Loading /etc/emacs/site-start.d/50emacs-wiki.el (source)...
Loading /etc/emacs/site-start.d/50emms.el (source)...
Loading /etc/emacs/site-start.d/50erc.el (source)...
Loading erc-auto...
Loading /etc/emacs/site-start.d/50erlang-mode.el (source)...
Loading /etc/emacs/site-start.d/50ess.el (source)...
Loading /etc/emacs/site-start.d/50etalk.el (source)...
Loading /etc/emacs/site-start.d/50flim.el (source)...
Loading /etc/emacs/site-start.d/50gcl.el (source)...
Loading /etc/emacs/site-start.d/50gclcvs.el (source)...
Loading /etc/emacs/site-start.d/50gettext.el (source)...
Loading /etc/emacs/site-start.d/50gnuplot-mode.el (source)...
Loading /etc/emacs/site-start.d/50gnus-bonus-el.el (source)...
Loading /etc/emacs/site-start.d/50gri-el.el (source)...
Loading /etc/emacs/site-start.d/50haskell-mode.el (source)...
Loading /etc/emacs/site-start.d/50honyaku-el.el (source)...
Loading /etc/emacs/site-start.d/50howm.el (source)...
Loading /etc/emacs/site-start.d/50html-helper-mode.el (source)...
Loading /etc/emacs/site-start.d/50idl-font-lock-el.el (source)...
Loading /etc/emacs/site-start.d/50ifile-gnus-el.el (source)...
Loading /etc/emacs/site-start.d/50ilisp.el (source)...
Loading /etc/ilisp/ilisp.el (source)...
Error while loading 50ilisp
Loading /etc/emacs/site-start.d/50initz.el (source)...
Loading /etc/emacs/site-start.d/50jde.el (source)...
Loading /etc/emacs/site-start.d/50latex-cjk-common.el (source)...
Loading cjk-enc...
Loading /etc/emacs/site-start.d/50lookup-el.el (source)...
Loading /etc/emacs/site-start.d/50lua-mode.el (source)...
Loading lua-mode...
Loading /etc/emacs/site-start.d/50manued-el.el (source)...
Loading /etc/emacs/site-start.d/50maxima-emacs.el (source)...
Loading /etc/emacs/site-start.d/50mew-beta.el (source)...
Loading /etc/emacs/site-start.d/50mh-e.el (source)...
Skipping MH-E package setup for emacs-snapshot
Loading /etc/emacs/site-start.d/50mmm-mode.el (source)...
Loading /etc/emacs/site-start.d/50muse-el.el (source)...
Loading /usr/share/emacs-snapshot/site-lisp/muse-el/muse-autoloads.el (source)...
Loading /etc/emacs/site-start.d/50nethack.el (source)...
Loading /etc/emacs/site-start.d/50ocaml-mode.el (source)...
Loading /etc/emacs/site-start.d/50octave2.9-emacsen.el (source)...
Loading /etc/emacs/site-start.d/50oneliner-el.el (source)...
Loading /etc/emacs/site-start.d/50paredit-el.el (source)...
Loading /etc/emacs/site-start.d/50php-mode.el (source)...
Loading /etc/emacs/site-start.d/50post-el.el (source)...
Loading /etc/emacs/site-start.d/50prcs-el.el (source)...
Loading /etc/emacs/site-start.d/50prolog-el.el (source)...
Loading /etc/emacs-snapshot/site-start.d/50psgml-init.el (source)...
Loading /etc/emacs/site-start.d/50psvn.el (source)...
Loading /etc/emacs/site-start.d/50pymacs.el (source)...
Loading /etc/emacs/site-start.d/50pyrex-mode.el (source)...
Loading /etc/emacs/site-start.d/50python-mode.el (source)...
Loading /etc/emacs/site-start.d/50quack-el.el (source)...
Loading /etc/emacs/site-start.d/50quilt-el.el (source)...
Loading /etc/emacs/site-start.d/50rdtool-elisp.el (source)...
Loading /etc/emacs/site-start.d/50rnc-mode.el (source)...
Loading /etc/emacs/site-start.d/50ruby1.8-elisp.el (source)...
Loading /etc/emacs/site-start.d/50skribe.el (source)...
Loading /etc/emacs/site-start.d/50slime.el (source)...
Loading /etc/emacs/site-start.d/50smartdoc-elisp.el (source)...
Loading /etc/emacs/site-start.d/50sml-mode.el (source)...
Loading sml-mode-startup...
Loading /etc/emacs/site-start.d/50speechd-el.el (source)...
Loading /etc/emacs/site-start.d/50tads2-mode.el (source)...
Loading /etc/emacs/site-start.d/50tdiary-mode.el (source)...
Loading /etc/emacs/site-start.d/50timidity-el.el (source)...
Loading /etc/emacs/site-start.d/50ttcn-el.el (source)...
Loading /etc/emacs/site-start.d/50w3m-el.el (source)...
Loading /etc/emacs/site-start.d/50yc-el.el (source)...
Package yc-el not fully installed.  Skipping setup.
Loading /etc/emacs/site-start.d/51debian-el.el (source)...
Loading /etc/emacs/site-start.d/51ede.el (source)...
Loading /etc/emacs/site-start.d/51oneliner-el.el (source)...
Loading /etc/emacs/site-start.d/51planner-el.el (source)...
Loading /usr/share/emacs-snapshot/site-lisp/planner-el/planner-autoloads.el (source)...
Loading /etc/emacs/site-start.d/51speedbar.el (source)...
Loading /etc/emacs/site-start.d/51tuareg-mode.el (source)...
Loading /etc/emacs/site-start.d/52remember-el.el (source)...
Loading /usr/share/emacs/site-lisp/remember-el/remember-autoloads.el (source)...
Loading /etc/emacs/site-start.d/52semantic.el (source)...
Loading /etc/emacs/site-start.d/53cedet-contrib.el (source)...
Loading /etc/emacs/site-start.d/53cogre.el (source)...
Loading /etc/emacs/site-start.d/55ecb.el (source)...
"/usr/share/emacs-snapshot/site-lisp/cedet-common/" added to `load-path'
Setting up cedet...
Setting up cedet...done
Setting up cogre...
Setting up cogre...done
Setting up ede...
Setting up ede...done
Setting up eieio...
Setting up eieio...done
Setting up semantic...
Setting up semantic...done
Setting up speedbar...
Setting up speedbar...done
Setting up cedet-contrib...
Setting up cedet-contrib...done
Loading /etc/emacs/site-start.d/55mell.el (source)...
Loading /etc/emacs/site-start.d/55prime-el.el (source)...
Loading /etc/emacs/site-start.d/55suikyo-elisp.el (source)...
Loading /etc/emacs/site-start.d/60cltl.el (source)...
Loading /etc/emacs/site-start.d/60hyperspec.el (source)...
Loading /etc/emacs-snapshot/site-start.d/60nxml-mode.el (source)...
Loading /usr/share/emacs/site-lisp/nxml-mode/rng-auto.el (source)...
Loading /etc/emacs/site-start.d/92bio-mode.el (source)...
configure:1835: $? = 0
configure:1848: result: ${datadir}/emacs/site-lisp
configure:1982: creating ./config.status

## ---------------------- ##
## Running config.status. ##
## ---------------------- ##

This file was extended by imaxima.el config.status imath.el, which was
generated by GNU Autoconf 2.59.  Invocation command line was

  CONFIG_FILES    = 
  CONFIG_HEADERS  = 
  CONFIG_LINKS    = 
  CONFIG_COMMANDS = 
  $ ./config.status 

on vivaldi

config.status:653: creating Makefile
config.status:653: creating imaxima-autoconf-variables.el

## ---------------- ##
## Cache variables. ##
## ---------------- ##

ac_cv_env_EMACSLOADPATH_set=
ac_cv_env_EMACSLOADPATH_value=
ac_cv_env_EMACS_set=
ac_cv_env_EMACS_value=
ac_cv_env_build_alias_set=
ac_cv_env_build_alias_value=
ac_cv_env_host_alias_set=
ac_cv_env_host_alias_value=
ac_cv_env_target_alias_set=
ac_cv_env_target_alias_value=
ac_cv_path_install='/usr/bin/install -c'
ac_cv_prog_AWK=gawk
ac_cv_prog_EMACS=emacs
ac_cv_prog_make_make_set=yes
am_cv_lispdir='${datadir}/emacs/site-lisp'

## ----------------- ##
## Output variables. ##
## ----------------- ##

ACLOCAL='${SHELL} /home/hjs/.emacs.d/maxima/missing --run aclocal-1.8'
AMTAR='${SHELL} /home/hjs/.emacs.d/maxima/missing --run tar'
AUTOCONF='${SHELL} /home/hjs/.emacs.d/maxima/missing --run autoconf'
AUTOHEADER='${SHELL} /home/hjs/.emacs.d/maxima/missing --run autoheader'
AUTOMAKE='${SHELL} /home/hjs/.emacs.d/maxima/missing --run automake-1.8'
AWK='gawk'
CYGPATH_W='echo'
DEFS='-DPACKAGE_NAME=\"imaxima.el\" -DPACKAGE_TARNAME=\"imaxima-el\" -DPACKAGE_VERSION=\"imath.el\" -DPACKAGE_STRING=\"imaxima.el\ imath.el\" -DPACKAGE_BUGREPORT=\"imaxima-autoconf-variables.el\" -DPACKAGE=\"imaxima-imath\" -DVERSION=\"0.97a\" '
ECHO_C=''
ECHO_N='-n'
ECHO_T=''
EMACS='emacs'
EMACSLOADPATH=''
INSTALL_DATA='${INSTALL} -m 644'
INSTALL_PROGRAM='${INSTALL}'
INSTALL_SCRIPT='${INSTALL}'
INSTALL_STRIP_PROGRAM='${SHELL} $(install_sh) -c -s'
LIBOBJS=''
LIBS=''
LTLIBOBJS=''
MAKEINFO='${SHELL} /home/hjs/.emacs.d/maxima/missing --run makeinfo'
PACKAGE='imaxima-imath'
PACKAGE_BUGREPORT='imaxima-autoconf-variables.el'
PACKAGE_NAME='imaxima.el'
PACKAGE_STRING='imaxima.el imath.el'
PACKAGE_TARNAME='imaxima-el'
PACKAGE_VERSION='imath.el'
PATH_SEPARATOR=':'
SET_MAKE=''
SHELL='/bin/bash'
STRIP=''
VERSION='0.97a'
ac_ct_STRIP=''
am__leading_dot='.'
bindir='${exec_prefix}/bin'
build_alias=''
datadir='${prefix}/share'
exec_prefix='${prefix}'
host_alias=''
includedir='${prefix}/include'
infodir='${prefix}/info'
install_sh='/home/hjs/.emacs.d/maxima/install-sh'
libdir='${exec_prefix}/lib'
libexecdir='${exec_prefix}/libexec'
lispdir='${datadir}/emacs/site-lisp'
localstatedir='${prefix}/var'
mandir='${prefix}/man'
mkdir_p='mkdir -p -- .'
oldincludedir='/usr/include'
prefix='/usr/local'
program_transform_name='s,x,x,'
sbindir='${exec_prefix}/sbin'
sharedstatedir='${prefix}/com'
sysconfdir='${prefix}/etc'
target_alias=''

## ----------- ##
## confdefs.h. ##
## ----------- ##

#define PACKAGE "imaxima-imath"
#define PACKAGE_BUGREPORT "imaxima-autoconf-variables.el"
#define PACKAGE_NAME "imaxima.el"
#define PACKAGE_STRING "imaxima.el imath.el"
#define PACKAGE_TARNAME "imaxima-el"
#define PACKAGE_VERSION "imath.el"
#define VERSION "0.97a"

configure: exit 0
