new,InitialChunk,0x47f4d000,33554432
new,PagedChunk,0x59b06000,131072
new,PagedChunk,0x52895000,131072
new,PagedChunk,0x31507000,131072
new,PagedChunk,0x291d8000,131072
new,PagedChunk,0x2e4ad000,131072
new,LargeObjectChunk,0x2841f000,139264
heap-capacity,1144448
heap-available,1094104
check-maps-depth,2
check-maps-depth,1
check-maps-depth,1
check-maps-depth,1
check-maps-depth,1
check-maps-depth,1
check-maps-depth,1
check-maps-depth,1
check-maps-depth,1
check-maps-depth,1
check-maps-depth,3
check-maps-depth,1
check-maps-depth,2
check-maps-depth,1
check-maps-depth,2
check-maps-depth,1
check-maps-depth,2
check-maps-depth,1
check-maps-depth,1
check-maps-depth,3
check-maps-depth,1
check-maps-depth,1
check-maps-depth,1
check-maps-depth,1
check-maps-depth,1
check-maps-depth,1
check-maps-depth,1
check-maps-depth,1
check-maps-depth,1
check-maps-depth,1
check-maps-depth,1
check-maps-depth,1
check-maps-depth,1
check-maps-depth,1
check-maps-depth,1
check-maps-depth,1
check-maps-depth,1
check-maps-depth,1
check-maps-depth,1
check-maps-depth,1
check-maps-depth,1
check-maps-depth,1
check-maps-depth,1
check-maps-depth,1
check-maps-depth,1
check-maps-depth,1
check-maps-depth,1
check-maps-depth,1
check-maps-depth,1
check-maps-depth,1
check-maps-depth,1
check-maps-depth,1
check-maps-depth,1
check-maps-depth,1
check-maps-depth,1
check-maps-depth,1
check-maps-depth,1
check-maps-depth,1
check-maps-depth,1
check-maps-depth,1
check-maps-depth,1
check-maps-depth,1
check-maps-depth,1
check-maps-depth,1
check-maps-depth,1
check-maps-depth,1
check-maps-depth,1
check-maps-depth,1
check-maps-depth,1
check-maps-depth,1
check-maps-depth,1
check-maps-depth,1
check-maps-depth,1
check-maps-depth,1
check-maps-depth,1
check-maps-depth,1
check-maps-depth,1
check-maps-depth,1
check-maps-depth,1
check-maps-depth,1
check-maps-depth,1
check-maps-depth,1
check-maps-depth,1
check-maps-depth,1
check-maps-depth,1
check-maps-depth,1
check-maps-depth,1
check-maps-depth,1
check-maps-depth,1
check-maps-depth,1
check-maps-depth,1
check-maps-depth,1
check-maps-depth,1
check-maps-depth,1
check-maps-depth,1
check-maps-depth,1
check-maps-depth,1
check-maps-depth,2
check-maps-depth,1
check-maps-depth,1
check-maps-depth,1
check-maps-depth,1
check-maps-depth,1
check-maps-depth,1
check-maps-depth,1
check-maps-depth,1
check-maps-depth,1
check-maps-depth,1
check-maps-depth,1
check-maps-depth,1
check-maps-depth,1
check-maps-depth,1
check-maps-depth,1
check-maps-depth,1
check-maps-depth,1
check-maps-depth,1
check-maps-depth,1
check-maps-depth,1
check-maps-depth,1
check-maps-depth,1
check-maps-depth,1
check-maps-depth,1
check-maps-depth,1
check-maps-depth,1
check-maps-depth,1
check-maps-depth,1
check-maps-depth,1
check-maps-depth,1
check-maps-depth,1
check-maps-depth,1
check-maps-depth,1
check-maps-depth,1
check-maps-depth,1
check-maps-depth,1
check-maps-depth,1
check-maps-depth,1
check-maps-depth,1
check-maps-depth,1
check-maps-depth,1
check-maps-depth,1
check-maps-depth,1
check-maps-depth,1
check-maps-depth,1
check-maps-depth,1
check-maps-depth,1
check-maps-depth,1
check-maps-depth,1
check-maps-depth,1
check-maps-depth,1
check-maps-depth,1
check-maps-depth,1
check-maps-depth,1
check-maps-depth,1
check-maps-depth,1
check-maps-depth,1
check-maps-depth,1
check-maps-depth,1
check-maps-depth,1
check-maps-depth,1
check-maps-depth,1
check-maps-depth,1
check-maps-depth,1
check-maps-depth,1
check-maps-depth,1
check-maps-depth,1
check-maps-depth,1
check-maps-depth,1
check-maps-depth,1
check-maps-depth,1
check-maps-depth,1
check-maps-depth,1
check-maps-depth,1
check-maps-depth,1
check-maps-depth,1
check-maps-depth,1
check-maps-depth,1
check-maps-depth,1
check-maps-depth,1
check-maps-depth,1
check-maps-depth,1
check-maps-depth,1
check-maps-depth,1
check-maps-depth,1
check-maps-depth,1
check-maps-depth,1
check-maps-depth,1
check-maps-depth,1
check-maps-depth,1
check-maps-depth,1
check-maps-depth,1
check-maps-depth,1
check-maps-depth,1
check-maps-depth,1
check-maps-depth,1
check-maps-depth,1
check-maps-depth,1
check-maps-depth,1
check-maps-depth,1
check-maps-depth,1
check-maps-depth,1
check-maps-depth,1
check-maps-depth,1
check-maps-depth,1
check-maps-depth,1
check-maps-depth,1
check-maps-depth,1
check-maps-depth,1
check-maps-depth,1
check-maps-depth,1
check-maps-depth,1
check-maps-depth,1
check-maps-depth,1
check-maps-depth,1
check-maps-depth,1
check-maps-depth,1
check-maps-depth,1
check-maps-depth,1
check-maps-depth,1
check-maps-depth,1
check-maps-depth,1
check-maps-depth,1
check-maps-depth,1
check-maps-depth,1
check-maps-depth,1
check-maps-depth,1
check-maps-depth,1
check-maps-depth,1
check-maps-depth,3
check-maps-depth,1
check-maps-depth,1
check-maps-depth,1
check-maps-depth,1
check-maps-depth,1
check-maps-depth,1
check-maps-depth,1
check-maps-depth,1
check-maps-depth,1
check-maps-depth,1
check-maps-depth,1
check-maps-depth,2
check-maps-depth,1
check-maps-depth,1
check-maps-depth,2
check-maps-depth,1
check-maps-depth,2
check-maps-depth,1
check-maps-depth,2
check-maps-depth,1
check-maps-depth,1
check-maps-depth,1
check-maps-depth,1
check-maps-depth,1
check-maps-depth,1
check-maps-depth,1
check-maps-depth,1
check-maps-depth,1
check-maps-depth,1
check-maps-depth,2
check-maps-depth,1
check-maps-depth,2
check-maps-depth,1
check-maps-depth,2
check-maps-depth,1
check-maps-depth,2
check-maps-depth,1
check-maps-depth,2
check-maps-depth,2
check-maps-depth,1
check-maps-depth,2
check-maps-depth,2
check-maps-depth,1
check-maps-depth,2
new,PagedChunk,0x38a01000,131072
check-maps-depth,1
check-maps-depth,2
check-maps-depth,1
check-maps-depth,3
check-maps-depth,1
check-maps-depth,1
check-maps-depth,1
check-maps-depth,1
check-maps-depth,1
check-maps-depth,1
check-maps-depth,1
check-maps-depth,1
check-maps-depth,1
check-maps-depth,1
check-maps-depth,1
check-maps-depth,1
check-maps-depth,1
check-maps-depth,1
check-maps-depth,1
check-maps-depth,1
check-maps-depth,1
check-maps-depth,1
check-maps-depth,1
check-maps-depth,1
check-maps-depth,1
check-maps-depth,1
check-maps-depth,1
check-maps-depth,1
check-maps-depth,1
check-maps-depth,1
check-maps-depth,1
check-maps-depth,1
check-maps-depth,1
check-maps-depth,1
check-maps-depth,1
check-maps-depth,1
check-maps-depth,1
check-maps-depth,1
check-maps-depth,1
check-maps-depth,1
check-maps-depth,1
check-maps-depth,1
check-maps-depth,1
check-maps-depth,1
check-maps-depth,1
check-maps-depth,1
check-maps-depth,1
check-maps-depth,1
check-maps-depth,1
check-maps-depth,1
check-maps-depth,1
check-maps-depth,1
check-maps-depth,1
check-maps-depth,1
check-maps-depth,1
check-maps-depth,1
check-maps-depth,1
check-maps-depth,1
check-maps-depth,1
check-maps-depth,1
check-maps-depth,1
check-maps-depth,1
check-maps-depth,1
check-maps-depth,1
check-maps-depth,1
check-maps-depth,1
check-maps-depth,1
check-maps-depth,1
check-maps-depth,1
check-maps-depth,1
check-maps-depth,1
check-maps-depth,1
check-maps-depth,1
check-maps-depth,1
check-maps-depth,1
check-maps-depth,1
check-maps-depth,1
check-maps-depth,1
check-maps-depth,1
check-maps-depth,1
check-maps-depth,1
check-maps-depth,1
check-maps-depth,1
new,LargeObjectChunk,0x2df70000,28672
new,PagedChunk,0x2cbbb000,131072
new,LargeObjectChunk,0x3c599000,24576
check-maps-depth,1
check-maps-depth,1
check-maps-depth,1
check-maps-depth,1
new,PagedChunk,0x215a2000,131072
check-maps-depth,1
check-maps-depth,1
check-maps-depth,1
check-maps-depth,1
check-maps-depth,1
check-maps-depth,3
check-maps-depth,2
check-maps-depth,1
check-maps-depth,1
check-maps-depth,1
check-maps-depth,1
check-maps-depth,1
check-maps-depth,1
check-maps-depth,1
scavenge,begin,0,60003,1340056951132
new,LargeObjectChunk,0x5dc15000,20480
new,LargeObjectChunk,0xb6f29000,20480
new,LargeObjectChunk,0x42a66000,16384
new,PagedChunk,0x5c4fa000,131072
scavenge,end,0,64004,1340056951133
check-maps-depth,1
new,LargeObjectChunk,0x27596000,57344
new,PagedChunk,0x3fef8000,131072
new,PagedChunk,0x54305000,131072
check-maps-depth,1
check-maps-depth,2
check-maps-depth,1
check-maps-depth,1
check-maps-depth,1
check-maps-depth,1
check-maps-depth,1
check-maps-depth,1
check-maps-depth,1
check-maps-depth,1
check-maps-depth,1
check-maps-depth,2
check-maps-depth,2
check-maps-depth,2
check-maps-depth,2
check-maps-depth,1
check-maps-depth,1
new,LargeObjectChunk,0x21fdf000,57344
check-maps-depth,1
check-maps-depth,2
check-maps-depth,2
check-maps-depth,2
check-maps-depth,1
check-maps-depth,1
check-maps-depth,2
check-maps-depth,2
check-maps-depth,1
check-maps-depth,1
check-maps-depth,1
check-maps-depth,1
check-maps-depth,1
check-maps-depth,1
check-maps-depth,1
check-maps-depth,2
check-maps-depth,2
check-maps-depth,3
check-maps-depth,1
check-maps-depth,3
check-maps-depth,3
check-maps-depth,1
check-maps-depth,1
check-maps-depth,2
new,PagedChunk,0x24011000,131072
check-maps-depth,1
check-maps-depth,1
check-maps-depth,1
check-maps-depth,1
check-maps-depth,1
check-maps-depth,1
check-maps-depth,1
check-maps-depth,1
check-maps-depth,1
check-maps-depth,2
check-maps-depth,1
check-maps-depth,2
check-maps-depth,1
check-maps-depth,2
check-maps-depth,1
check-maps-depth,2
check-maps-depth,1
check-maps-depth,1
check-maps-depth,2
check-maps-depth,1
check-maps-depth,4
check-maps-depth,1
check-maps-depth,1
check-maps-depth,3
check-maps-depth,1
check-maps-depth,1
check-maps-depth,1
check-maps-depth,1
check-maps-depth,2
check-maps-depth,1
check-maps-depth,1
check-maps-depth,1
check-maps-depth,1
check-maps-depth,1
check-maps-depth,1
check-maps-depth,2
check-maps-depth,1
check-maps-depth,1
check-maps-depth,1
check-maps-depth,2
check-maps-depth,2
check-maps-depth,1
check-maps-depth,3
check-maps-depth,3
check-maps-depth,1
check-maps-depth,2
check-maps-depth,1
check-maps-depth,1
check-maps-depth,1
check-maps-depth,1
check-maps-depth,1
check-maps-depth,1
check-maps-depth,1
check-maps-depth,1
check-maps-depth,1
check-maps-depth,1
check-maps-depth,1
check-maps-depth,1
check-maps-depth,1
check-maps-depth,1
check-maps-depth,1
check-maps-depth,1
check-maps-depth,2
check-maps-depth,1
check-maps-depth,1
check-maps-depth,1
check-maps-depth,1
check-maps-depth,1
check-maps-depth,2
check-maps-depth,1
check-maps-depth,2
check-maps-depth,1
check-maps-depth,1
check-maps-depth,1
check-maps-depth,2
check-maps-depth,1
check-maps-depth,1
check-maps-depth,1
check-maps-depth,1
check-maps-depth,2
check-maps-depth,1
check-maps-depth,1
check-maps-depth,1
check-maps-depth,1
scavenge,begin,0,96006,1340056951169
new,LargeObjectChunk,0x3ff61000,20480
new,LargeObjectChunk,0x40038000,73728
new,LargeObjectChunk,0x33fd9000,36864
new,LargeObjectChunk,0x227ed000,40960
new,PagedChunk,0x3ed96000,131072
scavenge,end,0,96006,1340056951170
check-maps-depth,2
check-maps-depth,2
markcompact,begin,0,96006,1340056951171
new,LargeObjectChunk,0x4a67d000,24576
new,LargeObjectChunk,0x517b4000,16384
new,LargeObjectChunk,0x2072e000,20480
new,LargeObjectChunk,0x36fee000,16384
new,LargeObjectChunk,0x40fda000,20480
new,LargeObjectChunk,0x3f6ea000,20480
new,LargeObjectChunk,0x3030d000,24576
markcompact,end,0,100006,1340056951175
markcompact,begin,0,100006,1340056951175
markcompact,end,0,104006,1340056951178
markcompact,begin,0,104006,1340056951179
markcompact,end,0,108006,1340056951182
check-maps-depth,2
check-maps-depth,1
check-maps-depth,1
check-maps-depth,1
check-maps-depth,1
check-maps-depth,1
check-maps-depth,1
check-maps-depth,2
check-maps-depth,2
check-maps-depth,1
check-maps-depth,1
check-maps-depth,1
check-maps-depth,1
check-maps-depth,1
check-maps-depth,2
check-maps-depth,1
check-maps-depth,1
check-maps-depth,1
check-maps-depth,1
check-maps-depth,1
check-maps-depth,1
check-maps-depth,1
check-maps-depth,1
check-maps-depth,1
check-maps-depth,1
check-maps-depth,1
check-maps-depth,1
check-maps-depth,1
check-maps-depth,1
check-maps-depth,3
check-maps-depth,2
check-maps-depth,1
check-maps-depth,1
check-maps-depth,1
check-maps-depth,1
check-maps-depth,1
check-maps-depth,2
check-maps-depth,1
check-maps-depth,1
check-maps-depth,1
check-maps-depth,1
check-maps-depth,1
check-maps-depth,1
check-maps-depth,1
check-maps-depth,1
check-maps-depth,1
check-maps-depth,3
check-maps-depth,1
check-maps-depth,2
check-maps-depth,1
check-maps-depth,2
check-maps-depth,1
check-maps-depth,2
check-maps-depth,1
check-maps-depth,1
check-maps-depth,3
check-maps-depth,1
check-maps-depth,1
check-maps-depth,1
new,PagedChunk,0x4d5d6000,131072
new,LargeObjectChunk,0x3cabd000,28672
new,PagedChunk,0x2ee3c000,131072
new,LargeObjectChunk,0x34e85000,24576
new,PagedChunk,0x3e7b8000,131072
check-maps-depth,1
check-maps-depth,1
check-maps-depth,1
check-maps-depth,1
check-maps-depth,1
check-maps-depth,1
check-maps-depth,1
check-maps-depth,1
check-maps-depth,1
check-maps-depth,1
check-maps-depth,3
check-maps-depth,3
check-maps-depth,3
check-maps-depth,1
check-maps-depth,1
check-maps-depth,1
check-maps-depth,1
check-maps-depth,1
check-maps-depth,1
check-maps-depth,1
check-maps-depth,1
check-maps-depth,1
check-maps-depth,1
check-maps-depth,1
check-maps-depth,2
check-maps-depth,1
check-maps-depth,1
check-maps-depth,1
check-maps-depth,1
check-maps-depth,2
check-maps-depth,1
check-maps-depth,2
check-maps-depth,1
check-maps-depth,1
check-maps-depth,1
check-maps-depth,1
check-maps-depth,2
check-maps-depth,1
check-maps-depth,2
check-maps-depth,1
check-maps-depth,1
check-maps-depth,2
check-maps-depth,1
check-maps-depth,1
check-maps-depth,1
check-maps-depth,2
check-maps-depth,1
check-maps-depth,1
check-maps-depth,2
check-maps-depth,1
check-maps-depth,2
check-maps-depth,2
check-maps-depth,1
check-maps-depth,2
check-maps-depth,1
check-maps-depth,2
check-maps-depth,2
check-maps-depth,1
check-maps-depth,1
check-maps-depth,1
check-maps-depth,1
check-maps-depth,1
check-maps-depth,1
check-maps-depth,2
check-maps-depth,1
check-maps-depth,1
check-maps-depth,1
check-maps-depth,1
check-maps-depth,1
check-maps-depth,2
check-maps-depth,1
check-maps-depth,2
check-maps-depth,2
check-maps-depth,1
check-maps-depth,2
check-maps-depth,1
check-maps-depth,2
check-maps-depth,1
check-maps-depth,1
check-maps-depth,1
check-maps-depth,1
check-maps-depth,1
check-maps-depth,1
check-maps-depth,2
check-maps-depth,1
check-maps-depth,1
check-maps-depth,1
check-maps-depth,2
check-maps-depth,1
check-maps-depth,2
check-maps-depth,2
check-maps-depth,1
check-maps-depth,2
check-maps-depth,1
check-maps-depth,2
check-maps-depth,1
check-maps-depth,1
check-maps-depth,1
check-maps-depth,2
check-maps-depth,1
check-maps-depth,1
check-maps-depth,1
check-maps-depth,1
check-maps-depth,1
check-maps-depth,5
check-maps-depth,2
check-maps-depth,1
check-maps-depth,1
check-maps-depth,1
check-maps-depth,1
check-maps-depth,5
check-maps-depth,1
check-maps-depth,2
check-maps-depth,1
check-maps-depth,1
check-maps-depth,1
check-maps-depth,2
check-maps-depth,4
check-maps-depth,1
check-maps-depth,1
check-maps-depth,2
check-maps-depth,1
check-maps-depth,3
check-maps-depth,1
check-maps-depth,2
check-maps-depth,1
check-maps-depth,2
check-maps-depth,1
check-maps-depth,1
check-maps-depth,1
check-maps-depth,2
check-maps-depth,2
check-maps-depth,1
check-maps-depth,2
check-maps-depth,1
check-maps-depth,1
check-maps-depth,1
check-maps-depth,2
check-maps-depth,1
check-maps-depth,1
check-maps-depth,1
check-maps-depth,1
check-maps-depth,1
check-maps-depth,1
check-maps-depth,2
check-maps-depth,2
check-maps-depth,1
check-maps-depth,1
check-maps-depth,1
check-maps-depth,1
check-maps-depth,1
check-maps-depth,1
check-maps-depth,1
check-maps-depth,1
check-maps-depth,1
check-maps-depth,2
check-maps-depth,1
check-maps-depth,1
check-maps-depth,1
check-maps-depth,2
check-maps-depth,1
check-maps-depth,1
check-maps-depth,2
check-maps-depth,1
check-maps-depth,2
check-maps-depth,1
check-maps-depth,1
check-maps-depth,1
check-maps-depth,1
check-maps-depth,1
check-maps-depth,4
check-maps-depth,1
check-maps-depth,1
scavenge,begin,0,168010,1340056961251
scavenge,end,0,168010,1340056961253
markcompact,begin,0,168010,1340056961253
delete,LargeObjectChunk,0x34e87000
delete,LargeObjectChunk,0x3cabf000
delete,LargeObjectChunk,0x4a67d000
delete,LargeObjectChunk,0x3c59b000
delete,LargeObjectChunk,0x2df72000
new,LargeObjectChunk,0x54e2c000,16384
new,LargeObjectChunk,0x38614000,16384
new,LargeObjectChunk,0x58ac4000,28672
new,LargeObjectChunk,0x25d24000,20480
new,PagedChunk,0x5e153000,131072
markcompact,end,0,176011,1340056961264
markcompact,begin,0,176011,1340056961264
markcompact,end,0,192012,1340056961280
scavenge,begin,0,192012,1340057026088
scavenge,end,0,192012,1340057026088
markcompact,begin,0,192012,1340057026088
markcompact,end,0,200012,1340057026096
markcompact,begin,0,200012,1340057026096
markcompact,end,0,216013,1340057026113
scavenge,begin,0,216013,1340057090915
scavenge,end,0,216013,1340057090915
markcompact,begin,0,216013,1340057090916
markcompact,end,0,224014,1340057090924
markcompact,begin,0,224014,1340057090924
markcompact,end,0,236014,1340057090939
scavenge,begin,0,240015,1340057155729
scavenge,end,0,240015,1340057155730
markcompact,begin,0,240015,1340057155730
markcompact,end,0,248015,1340057155738
markcompact,begin,0,248015,1340057155738
markcompact,end,0,268016,1340057155757
scavenge,begin,0,268016,1340057220555
scavenge,end,0,268016,1340057220555
markcompact,begin,0,268016,1340057220555
markcompact,end,0,276017,1340057220564
markcompact,begin,0,276017,1340057220564
markcompact,end,0,296018,1340057220582
scavenge,begin,0,296018,1340057285386
scavenge,end,0,296018,1340057285386
markcompact,begin,0,296018,1340057285386
markcompact,end,0,304019,1340057285394
markcompact,begin,0,304019,1340057285394
markcompact,end,0,320020,1340057285410
scavenge,begin,0,320020,1340057350215
scavenge,end,0,320020,1340057350215
markcompact,begin,0,320020,1340057350215
markcompact,end,0,320020,1340057350220
markcompact,begin,0,320020,1340057350220
markcompact,end,0,332020,1340057350236
scavenge,begin,0,336021,1340057415031
scavenge,end,0,336021,1340057415032
markcompact,begin,0,336021,1340057415032
markcompact,end,0,344021,1340057415040
markcompact,begin,0,344021,1340057415040
markcompact,end,0,360022,1340057415056
scavenge,begin,0,360022,1340057479837
scavenge,end,0,360022,1340057479838
markcompact,begin,0,360022,1340057479838
markcompact,end,0,368023,1340057479846
markcompact,begin,0,368023,1340057479846
markcompact,end,0,388024,1340057479865
scavenge,begin,0,388024,1340057544673
scavenge,end,0,388024,1340057544673
markcompact,begin,0,388024,1340057544673
markcompact,end,0,396024,1340057544681
markcompact,begin,0,396024,1340057544681
markcompact,end,0,408025,1340057544695
scavenge,begin,0,408025,1340057609499
scavenge,end,0,408025,1340057609499
markcompact,begin,0,408025,1340057609500
markcompact,end,0,416026,1340057609508
markcompact,begin,0,416026,1340057609508
markcompact,end,0,436027,1340057609526
scavenge,begin,0,436027,1340057674328
scavenge,end,0,436027,1340057674328
markcompact,begin,0,436027,1340057674328
markcompact,end,0,440027,1340057674337
markcompact,begin,0,440027,1340057674337
markcompact,end,0,456028,1340057674354
scavenge,begin,0,456028,1340057739150
scavenge,end,0,456028,1340057739150
markcompact,begin,0,456028,1340057739151
markcompact,end,0,464029,1340057739158
markcompact,begin,0,464029,1340057739158
markcompact,end,0,484030,1340057739175
scavenge,begin,0,484030,1340057803981
scavenge,end,0,484030,1340057803981
markcompact,begin,0,484030,1340057803981
markcompact,end,0,492030,1340057803989
markcompact,begin,0,492030,1340057803989
markcompact,end,0,508031,1340057804004
scavenge,begin,0,508031,1340057868811
scavenge,end,0,508031,1340057868811
markcompact,begin,0,508031,1340057868811
markcompact,end,0,516032,1340057868819
markcompact,begin,0,516032,1340057868819
markcompact,end,0,532033,1340057868836
scavenge,begin,0,532033,1340057933591
scavenge,end,0,532033,1340057933591
markcompact,begin,0,532033,1340057933591
markcompact,end,0,540033,1340057933599
markcompact,begin,0,540033,1340057933599
markcompact,end,0,556034,1340057933614
scavenge,begin,0,556034,1340057998387
scavenge,end,0,556034,1340057998387
markcompact,begin,0,556034,1340057998388
markcompact,end,0,564035,1340057998395
markcompact,begin,0,564035,1340057998396
markcompact,end,0,580036,1340057998412
scavenge,begin,0,580036,1340058063220
scavenge,end,0,580036,1340058063220
markcompact,begin,0,580036,1340058063220
markcompact,end,0,588036,1340058063228
markcompact,begin,0,588036,1340058063228
markcompact,end,0,600037,1340058063241
scavenge,begin,0,600037,1340058128005
scavenge,end,0,600037,1340058128005
markcompact,begin,0,600037,1340058128005
markcompact,end,0,608038,1340058128013
markcompact,begin,0,608038,1340058128013
markcompact,end,0,624039,1340058128027
scavenge,begin,0,624039,1340058192786
scavenge,end,0,624039,1340058192786
markcompact,begin,0,624039,1340058192786
markcompact,end,0,632039,1340058192794
markcompact,begin,0,632039,1340058192794
markcompact,end,0,648040,1340058192811
scavenge,begin,0,648040,1340058257619
scavenge,end,0,648040,1340058257619
markcompact,begin,0,648040,1340058257620
markcompact,end,0,656041,1340058257624
markcompact,begin,0,656041,1340058257624
markcompact,end,0,672042,1340058257641
scavenge,begin,0,672042,1340058322422
scavenge,end,0,672042,1340058322423
markcompact,begin,0,672042,1340058322423
markcompact,end,0,680042,1340058322430
markcompact,begin,0,680042,1340058322431
markcompact,end,0,696043,1340058322447
scavenge,begin,0,696043,1340058387248
scavenge,end,0,696043,1340058387248
markcompact,begin,0,696043,1340058387248
markcompact,end,0,704044,1340058387256
markcompact,begin,0,704044,1340058387256
markcompact,end,0,720045,1340058387272
scavenge,begin,0,720045,1340058452080
scavenge,end,0,720045,1340058452081
markcompact,begin,0,720045,1340058452081
markcompact,end,0,728045,1340058452088
markcompact,begin,0,728045,1340058452088
markcompact,end,0,740046,1340058452102
scavenge,begin,0,740046,1340058516886
scavenge,end,0,744046,1340058516886
markcompact,begin,0,744046,1340058516886
markcompact,end,0,752047,1340058516894
markcompact,begin,0,752047,1340058516895
markcompact,end,0,764047,1340058516910
scavenge,begin,0,764047,1340058581709
scavenge,end,0,764047,1340058581709
markcompact,begin,0,764047,1340058581709
markcompact,end,0,772048,1340058581717
markcompact,begin,0,776048,1340058581718
markcompact,end,0,788049,1340058581733
scavenge,begin,0,788049,1340058646507
scavenge,end,0,788049,1340058646507
markcompact,begin,0,792049,1340058646507
markcompact,end,0,796049,1340058646512
markcompact,begin,0,796049,1340058646512
markcompact,end,0,812050,1340058646529
scavenge,begin,0,812050,1340058711332
scavenge,end,0,812050,1340058711332
markcompact,begin,0,812050,1340058711332
markcompact,end,0,816051,1340058711338
markcompact,begin,0,820051,1340058711338
markcompact,end,0,832052,1340058711353
scavenge,begin,0,832052,1340058776111
scavenge,end,0,832052,1340058776111
markcompact,begin,0,832052,1340058776111
markcompact,end,0,840052,1340058776120
markcompact,begin,0,840052,1340058776120
markcompact,end,0,852053,1340058776134
scavenge,begin,0,852053,1340058840927
scavenge,end,0,852053,1340058840927
markcompact,begin,0,852053,1340058840927
markcompact,end,0,860053,1340058840935
markcompact,begin,0,860053,1340058840935
markcompact,end,0,880055,1340058840954
scavenge,begin,0,880055,1340058905728
scavenge,end,0,880055,1340058905728
markcompact,begin,0,880055,1340058905728
markcompact,end,0,888055,1340058905736
markcompact,begin,0,888055,1340058905736
markcompact,end,0,900056,1340058905749
scavenge,begin,0,900056,1340058970515
scavenge,end,0,900056,1340058970515
markcompact,begin,0,900056,1340058970516
markcompact,end,0,908056,1340058970524
markcompact,begin,0,908056,1340058970524
markcompact,end,0,928058,1340058970542
scavenge,begin,0,928058,1340059035333
scavenge,end,0,928058,1340059035333
markcompact,begin,0,928058,1340059035334
markcompact,end,0,936058,1340059035342
markcompact,begin,0,936058,1340059035342
markcompact,end,0,952059,1340059035357
scavenge,begin,0,952059,1340059100160
scavenge,end,0,952059,1340059100160
markcompact,begin,0,952059,1340059100160
markcompact,end,0,960060,1340059100168
markcompact,begin,0,960060,1340059100168
markcompact,end,0,972060,1340059100183
scavenge,begin,0,972060,1340059164988
scavenge,end,0,972060,1340059164989
markcompact,begin,0,972060,1340059164989
markcompact,end,0,980061,1340059164996
markcompact,begin,0,980061,1340059164996
markcompact,end,0,992062,1340059165009
scavenge,begin,0,992062,1340059229775
scavenge,end,0,992062,1340059229775
markcompact,begin,0,992062,1340059229775
markcompact,end,1,4062,1340059229783
markcompact,begin,1,4062,1340059229783
markcompact,end,1,20063,1340059229802
scavenge,begin,1,20063,1340059294603
scavenge,end,1,20063,1340059294603
markcompact,begin,1,20063,1340059294604
markcompact,end,1,28064,1340059294611
markcompact,begin,1,28064,1340059294612
markcompact,end,1,44065,1340059294628
scavenge,begin,1,44065,1340059359413
scavenge,end,1,44065,1340059359413
markcompact,begin,1,44065,1340059359413
markcompact,end,1,52065,1340059359421
markcompact,begin,1,52065,1340059359421
markcompact,end,1,64066,1340059359434
scavenge,begin,1,64066,1340059424237
scavenge,end,1,64066,1340059424238
markcompact,begin,1,64066,1340059424238
markcompact,end,1,72067,1340059424246
markcompact,begin,1,72067,1340059424246
markcompact,end,1,92068,1340059424263
scavenge,begin,1,92068,1340059489071
scavenge,end,1,92068,1340059489071
markcompact,begin,1,92068,1340059489071
markcompact,end,1,96068,1340059489079
markcompact,begin,1,96068,1340059489079
markcompact,end,1,112069,1340059489098
scavenge,begin,1,112069,1340059553888
scavenge,end,1,112069,1340059553888
markcompact,begin,1,112069,1340059553888
markcompact,end,1,120070,1340059553896
markcompact,begin,1,120070,1340059553896
markcompact,end,1,136071,1340059553912
scavenge,begin,1,140071,1340059618718
scavenge,end,1,140071,1340059618719
markcompact,begin,1,140071,1340059618719
markcompact,end,1,144071,1340059618723
markcompact,begin,1,144071,1340059618724
markcompact,end,1,156072,1340059618738
scavenge,begin,1,156072,1340059683515
scavenge,end,1,160072,1340059683515
markcompact,begin,1,160072,1340059683516
markcompact,end,1,168073,1340059683524
markcompact,begin,1,168073,1340059683524
markcompact,end,1,180073,1340059683539
scavenge,begin,1,180073,1340059748327
scavenge,end,1,180073,1340059748327
markcompact,begin,1,180073,1340059748327
markcompact,end,1,188074,1340059748335
markcompact,begin,1,188074,1340059748336
markcompact,end,1,204075,1340059748350
scavenge,begin,1,204075,1340059813145
scavenge,end,1,204075,1340059813145
markcompact,begin,1,204075,1340059813145
markcompact,end,1,212075,1340059813153
markcompact,begin,1,212075,1340059813153
markcompact,end,1,232077,1340059813171
scavenge,begin,1,232077,1340059877957
scavenge,end,1,232077,1340059877957
markcompact,begin,1,232077,1340059877957
markcompact,end,1,236077,1340059877962
markcompact,begin,1,236077,1340059877962
markcompact,end,1,252078,1340059877985
scavenge,begin,1,252078,1340059942792
scavenge,end,1,252078,1340059942792
markcompact,begin,1,252078,1340059942793
markcompact,end,1,260078,1340059942800
markcompact,begin,1,260078,1340059942800
markcompact,end,1,272079,1340059942816
scavenge,begin,1,272079,1340060007579
scavenge,end,1,272079,1340060007579
markcompact,begin,1,272079,1340060007579
markcompact,end,1,280080,1340060007584
markcompact,begin,1,280080,1340060007584
markcompact,end,1,292080,1340060007602
scavenge,begin,1,292080,1340060072408
scavenge,end,1,292080,1340060072408
markcompact,begin,1,292080,1340060072408
markcompact,end,1,300081,1340060072413
markcompact,begin,1,300081,1340060072413
markcompact,end,1,312082,1340060072427
scavenge,begin,1,312082,1340060137231
scavenge,end,1,312082,1340060137231
markcompact,begin,1,312082,1340060137231
markcompact,end,1,320082,1340060137240
markcompact,begin,1,320082,1340060137240
markcompact,end,1,336083,1340060137257
scavenge,begin,1,340083,1340060202059
scavenge,end,1,340083,1340060202060
markcompact,begin,1,340083,1340060202060
markcompact,end,1,344084,1340060202064
markcompact,begin,1,344084,1340060202064
markcompact,end,1,356084,1340060202077
scavenge,begin,1,356084,1340060266869
scavenge,end,1,356084,1340060266869
markcompact,begin,1,356084,1340060266869
markcompact,end,1,364085,1340060266877
markcompact,begin,1,364085,1340060266877
markcompact,end,1,380086,1340060266895
scavenge,begin,1,380086,1340060331694
scavenge,end,1,380086,1340060331694
markcompact,begin,1,380086,1340060331694
markcompact,end,1,388086,1340060331702
markcompact,begin,1,392087,1340060331702
markcompact,end,1,404087,1340060331717
scavenge,begin,1,404087,1340060396524
scavenge,end,1,404087,1340060396524
markcompact,begin,1,404087,1340060396525
markcompact,end,1,412088,1340060396533
markcompact,begin,1,416088,1340060396533
markcompact,end,1,432089,1340060396552
scavenge,begin,1,432089,1340060461355
scavenge,end,1,432089,1340060461355
markcompact,begin,1,432089,1340060461355
markcompact,end,1,440090,1340060461361
markcompact,begin,1,440090,1340060461361
markcompact,end,1,456091,1340060461377
scavenge,begin,1,456091,1340060526180
scavenge,end,1,456091,1340060526181
markcompact,begin,1,456091,1340060526181
markcompact,end,1,464091,1340060526189
markcompact,begin,1,464091,1340060526189
markcompact,end,1,476092,1340060526203
scavenge,begin,1,476092,1340060591007
scavenge,end,1,480092,1340060591007
markcompact,begin,1,480092,1340060591007
markcompact,end,1,484092,1340060591015
markcompact,begin,1,484092,1340060591015
markcompact,end,1,500093,1340060591034
scavenge,begin,1,500093,1340060655834
scavenge,end,1,500093,1340060655834
markcompact,begin,1,500093,1340060655835
markcompact,end,1,508094,1340060655842
markcompact,begin,1,508094,1340060655843
markcompact,end,1,528095,1340060655859
scavenge,begin,1,528095,1340060720667
scavenge,end,1,528095,1340060720668
markcompact,begin,1,528095,1340060720668
markcompact,end,1,532095,1340060720673
markcompact,begin,1,532095,1340060720673
markcompact,end,1,548096,1340060720694
scavenge,begin,1,548096,1340060785494
scavenge,end,1,548096,1340060785494
markcompact,begin,1,548096,1340060785494
markcompact,end,1,552097,1340060785498
markcompact,begin,1,552097,1340060785499
markcompact,end,1,564097,1340060785512
scavenge,begin,1,564097,1340060850315
scavenge,end,1,564097,1340060850316
markcompact,begin,1,564097,1340060850316
markcompact,end,1,572098,1340060850324
markcompact,begin,1,572098,1340060850324
markcompact,end,1,588099,1340060850338
scavenge,begin,1,588099,1340060915144
scavenge,end,1,588099,1340060915144
markcompact,begin,1,588099,1340060915144
markcompact,end,1,592099,1340060915150
markcompact,begin,1,592099,1340060915150
markcompact,end,1,608100,1340060915165
scavenge,begin,1,608100,1340060979948
scavenge,end,1,608100,1340060979948
markcompact,begin,1,608100,1340060979948
markcompact,end,1,616101,1340060979956
markcompact,begin,1,616101,1340060979956
markcompact,end,1,632102,1340060979971
scavenge,begin,1,632102,1340061044775
scavenge,end,1,632102,1340061044775
markcompact,begin,1,632102,1340061044775
markcompact,end,1,636102,1340061044780
markcompact,begin,1,636102,1340061044780
markcompact,end,1,656103,1340061044799
scavenge,begin,1,656103,1340061109587
scavenge,end,1,656103,1340061109587
markcompact,begin,1,656103,1340061109587
markcompact,end,1,664104,1340061109595
markcompact,begin,1,664104,1340061109596
markcompact,end,1,684105,1340061109614
scavenge,begin,1,684105,1340061174415
scavenge,end,1,684105,1340061174415
markcompact,begin,1,684105,1340061174415
markcompact,end,1,688105,1340061174421
markcompact,begin,1,688105,1340061174421
markcompact,end,1,700106,1340061174435
scavenge,begin,1,704106,1340061239243
scavenge,end,1,704106,1340061239243
markcompact,begin,1,704106,1340061239244
markcompact,end,1,712107,1340061239252
markcompact,begin,1,712107,1340061239252
markcompact,end,1,724107,1340061239266
scavenge,begin,1,724107,1340061304075
scavenge,end,1,724107,1340061304075
markcompact,begin,1,724107,1340061304075
markcompact,end,1,736108,1340061304083
markcompact,begin,1,736108,1340061304083
markcompact,end,1,748109,1340061304100
scavenge,begin,1,748109,1340061368906
scavenge,end,1,748109,1340061368906
markcompact,begin,1,748109,1340061368906
markcompact,end,1,756109,1340061368914
markcompact,begin,1,756109,1340061368914
markcompact,end,1,776111,1340061368933
scavenge,begin,1,776111,1340061433723
scavenge,end,1,776111,1340061433723
markcompact,begin,1,776111,1340061433724
markcompact,end,1,784111,1340061433732
markcompact,begin,1,784111,1340061433732
markcompact,end,1,800112,1340061433748
scavenge,begin,1,800112,1340061498544
scavenge,end,1,800112,1340061498544
markcompact,begin,1,800112,1340061498544
markcompact,end,1,808113,1340061498552
markcompact,begin,1,808113,1340061498552
markcompact,end,1,820113,1340061498565
scavenge,begin,1,820113,1340061563370
scavenge,end,1,820113,1340061563370
markcompact,begin,1,820113,1340061563371
markcompact,end,1,828114,1340061563394
markcompact,begin,1,828114,1340061563394
markcompact,end,1,840115,1340061563407
scavenge,begin,1,840115,1340061628200
scavenge,end,1,840115,1340061628200
markcompact,begin,1,840115,1340061628200
markcompact,end,1,848115,1340061628208
markcompact,begin,1,848115,1340061628208
markcompact,end,1,864116,1340061628222
scavenge,begin,1,864116,1340061693010
scavenge,end,1,864116,1340061693011
markcompact,begin,1,864116,1340061693011
markcompact,end,1,868116,1340061693019
markcompact,begin,1,868116,1340061693019
markcompact,end,1,880117,1340061693034
scavenge,begin,1,884117,1340061757836
scavenge,end,1,884117,1340061757836
markcompact,begin,1,884117,1340061757836
markcompact,end,1,892118,1340061757844
markcompact,begin,1,892118,1340061757844
markcompact,end,1,904119,1340061757859
scavenge,begin,1,904119,1340061822663
scavenge,end,1,904119,1340061822663
markcompact,begin,1,904119,1340061822664
markcompact,end,1,912119,1340061822672
markcompact,begin,1,912119,1340061822672
markcompact,end,1,932120,1340061822690
scavenge,begin,1,932120,1340061887494
scavenge,end,1,932120,1340061887494
markcompact,begin,1,932120,1340061887494
markcompact,end,1,940121,1340061887502
markcompact,begin,1,940121,1340061887503
markcompact,end,1,956122,1340061887518
scavenge,begin,1,956122,1340061952312
scavenge,end,1,956122,1340061952312
markcompact,begin,1,956122,1340061952312
markcompact,end,1,960122,1340061952317
markcompact,begin,1,960122,1340061952317
markcompact,end,1,976123,1340061952331
scavenge,begin,1,976123,1340062017099
scavenge,end,1,976123,1340062017100
markcompact,begin,1,976123,1340062017100
markcompact,end,1,984124,1340062017108
markcompact,begin,1,984124,1340062017108
markcompact,end,1,996124,1340062017121
scavenge,begin,1,996124,1340062081913
scavenge,end,2,125,1340062081913
markcompact,begin,2,125,1340062081913
markcompact,end,2,4125,1340062081920
markcompact,begin,2,4125,1340062081920
markcompact,end,2,20126,1340062081933
scavenge,begin,2,20126,1340062146717
scavenge,end,2,20126,1340062146717
markcompact,begin,2,20126,1340062146717
markcompact,end,2,28126,1340062146725
markcompact,begin,2,28126,1340062146725
markcompact,end,2,44127,1340062146741
scavenge,begin,2,44127,1340062211548
scavenge,end,2,44127,1340062211549
markcompact,begin,2,44127,1340062211549
markcompact,end,2,52128,1340062211556
markcompact,begin,2,52128,1340062211556
markcompact,end,2,64129,1340062211569
scavenge,begin,2,64129,1340062276350
scavenge,end,2,64129,1340062276350
markcompact,begin,2,64129,1340062276350
markcompact,end,2,68129,1340062276354
markcompact,begin,2,68129,1340062276354
markcompact,end,2,84130,1340062276369
scavenge,begin,2,84130,1340062341172
scavenge,end,2,84130,1340062341172
markcompact,begin,2,84130,1340062341172
markcompact,end,2,92130,1340062341180
markcompact,begin,2,92130,1340062341180
markcompact,end,2,108131,1340062341198
scavenge,begin,2,108131,1340062406003
scavenge,end,2,112132,1340062406003
markcompact,begin,2,112132,1340062406003
markcompact,end,2,116132,1340062406011
markcompact,begin,2,116132,1340062406011
markcompact,end,2,128133,1340062406026
scavenge,begin,2,128133,1340062470818
scavenge,end,2,128133,1340062470818
markcompact,begin,2,128133,1340062470818
markcompact,end,2,136133,1340062470826
markcompact,begin,2,136133,1340062470826
markcompact,end,2,156134,1340062470845
scavenge,begin,2,156134,1340062535651
scavenge,end,2,156134,1340062535651
markcompact,begin,2,156134,1340062535652
markcompact,end,2,164135,1340062535659
markcompact,begin,2,164135,1340062535660
markcompact,end,2,180136,1340062535676
scavenge,begin,2,180136,1340062600467
scavenge,end,2,180136,1340062600467
markcompact,begin,2,180136,1340062600467
markcompact,end,2,188136,1340062600476
markcompact,begin,2,188136,1340062600476
markcompact,end,2,200137,1340062600501
scavenge,begin,2,200137,1340062665304
scavenge,end,2,200137,1340062665305
markcompact,begin,2,200137,1340062665305
markcompact,end,2,208138,1340062665312
markcompact,begin,2,208138,1340062665312
markcompact,end,2,224139,1340062665325
scavenge,begin,2,224139,1340062730131
scavenge,end,2,224139,1340062730131
markcompact,begin,2,224139,1340062730131
markcompact,end,2,228139,1340062730138
markcompact,begin,2,228139,1340062730138
markcompact,end,2,244140,1340062730153
scavenge,begin,2,244140,1340062794949
scavenge,end,2,244140,1340062794949
markcompact,begin,2,244140,1340062794949
markcompact,end,2,252140,1340062794957
markcompact,begin,2,252140,1340062794957
markcompact,end,2,268141,1340062794971
scavenge,begin,2,268141,1340062859775
scavenge,end,2,268141,1340062859776
markcompact,begin,2,268141,1340062859776
markcompact,end,2,276142,1340062859784
markcompact,begin,2,276142,1340062859784
markcompact,end,2,288143,1340062859798
scavenge,begin,2,288143,1340062924606
scavenge,end,2,288143,1340062924606
markcompact,begin,2,288143,1340062924606
markcompact,end,2,296143,1340062924614
markcompact,begin,2,296143,1340062924614
markcompact,end,2,312144,1340062924630
scavenge,begin,2,312144,1340062989438
scavenge,end,2,312144,1340062989438
markcompact,begin,2,312144,1340062989438
markcompact,end,2,320145,1340062989446
markcompact,begin,2,320145,1340062989446
markcompact,end,2,336146,1340062989463
scavenge,begin,2,340146,1340063054248
scavenge,end,2,340146,1340063054248
markcompact,begin,2,340146,1340063054248
markcompact,end,2,344146,1340063054254
markcompact,begin,2,344146,1340063054254
markcompact,end,2,360147,1340063054269
scavenge,begin,2,360147,1340063119063
scavenge,end,2,360147,1340063119063
markcompact,begin,2,360147,1340063119063
markcompact,end,2,364147,1340063119069
markcompact,begin,2,364147,1340063119069
markcompact,end,2,380148,1340063119100
scavenge,begin,2,380148,1340063183904
scavenge,end,2,380148,1340063183905
markcompact,begin,2,380148,1340063183905
markcompact,end,2,388149,1340063183913
markcompact,begin,2,388149,1340063183913
markcompact,end,2,400150,1340063183927
scavenge,begin,2,404150,1340063248715
scavenge,end,2,404150,1340063248715
markcompact,begin,2,404150,1340063248715
markcompact,end,2,412150,1340063248724
markcompact,begin,2,412150,1340063248724
markcompact,end,2,424151,1340063248739
scavenge,begin,2,424151,1340063313524
scavenge,end,2,424151,1340063313525
markcompact,begin,2,424151,1340063313525
markcompact,end,2,432152,1340063313533
markcompact,begin,2,432152,1340063313533
markcompact,end,2,448153,1340063313549
scavenge,begin,2,448153,1340063378327
scavenge,end,2,452153,1340063378328
markcompact,begin,2,452153,1340063378328
markcompact,end,2,456153,1340063378334
markcompact,begin,2,456153,1340063378334
markcompact,end,2,472154,1340063378349
scavenge,begin,2,472154,1340063443148
scavenge,end,2,472154,1340063443148
markcompact,begin,2,472154,1340063443148
markcompact,end,2,480155,1340063443157
markcompact,begin,2,480155,1340063443157
markcompact,end,2,496156,1340063443173
scavenge,begin,2,496156,1340063507969
scavenge,end,2,496156,1340063507969
markcompact,begin,2,496156,1340063507969
markcompact,end,2,504156,1340063507974
markcompact,begin,2,504156,1340063507974
markcompact,end,2,516157,1340063507987
scavenge,begin,2,516157,1340063572780
scavenge,end,2,516157,1340063572780
markcompact,begin,2,516157,1340063572780
markcompact,end,2,524157,1340063572788
markcompact,begin,2,524157,1340063572788
markcompact,end,2,536158,1340063572801
scavenge,begin,2,536158,1340063637603
scavenge,end,2,536158,1340063637603
markcompact,begin,2,536158,1340063637603
markcompact,end,2,540158,1340063637611
markcompact,begin,2,540158,1340063637611
markcompact,end,2,560160,1340063637630
scavenge,begin,2,560160,1340063702438
scavenge,end,2,560160,1340063702438
markcompact,begin,2,560160,1340063702438
markcompact,end,2,564160,1340063702443
markcompact,begin,2,564160,1340063702443
markcompact,end,2,580161,1340063702459
scavenge,begin,2,580161,1340063767263
scavenge,end,2,580161,1340063767263
markcompact,begin,2,580161,1340063767263
markcompact,end,2,584161,1340063767268
markcompact,begin,2,584161,1340063767268
markcompact,end,2,600162,1340063767282
scavenge,begin,2,600162,1340063832083
scavenge,end,2,600162,1340063832083
markcompact,begin,2,600162,1340063832083
markcompact,end,2,604162,1340063832090
markcompact,begin,2,608163,1340063832090
markcompact,end,2,624164,1340063832107
scavenge,begin,2,624164,1340063896904
scavenge,end,2,624164,1340063896904
markcompact,begin,2,624164,1340063896904
markcompact,end,2,628164,1340063896910
markcompact,begin,2,628164,1340063896910
markcompact,end,2,644165,1340063896925
scavenge,begin,2,644165,1340063961731
scavenge,end,2,644165,1340063961731
markcompact,begin,2,644165,1340063961731
markcompact,end,2,648165,1340063961736
markcompact,begin,2,648165,1340063961736
markcompact,end,2,664166,1340063961751
scavenge,begin,2,664166,1340064026555
scavenge,end,2,664166,1340064026556
markcompact,begin,2,664166,1340064026556
markcompact,end,2,672167,1340064026564
markcompact,begin,2,672167,1340064026564
markcompact,end,2,688168,1340064026579
scavenge,begin,2,688168,1340064091385
scavenge,end,2,688168,1340064091385
markcompact,begin,2,688168,1340064091385
markcompact,end,2,696168,1340064091393
markcompact,begin,2,696168,1340064091393
markcompact,end,2,708169,1340064091406
scavenge,begin,2,708169,1340064156209
scavenge,end,2,708169,1340064156210
markcompact,begin,2,708169,1340064156210
markcompact,end,2,716169,1340064156218
markcompact,begin,2,716169,1340064156218
markcompact,end,2,728170,1340064156235
scavenge,begin,2,728170,1340064221041
scavenge,end,2,728170,1340064221041
markcompact,begin,2,728170,1340064221041
markcompact,end,2,736171,1340064221049
markcompact,begin,2,736171,1340064221049
markcompact,end,2,752172,1340064221063
scavenge,begin,2,752172,1340064285855
scavenge,end,2,752172,1340064285855
markcompact,begin,2,752172,1340064285855
markcompact,end,2,760172,1340064285864
markcompact,begin,2,760172,1340064285864
markcompact,end,2,776173,1340064285879
scavenge,begin,2,776173,1340064350678
scavenge,end,2,776173,1340064350678
markcompact,begin,2,776173,1340064350678
markcompact,end,2,784174,1340064350686
markcompact,begin,2,784174,1340064350686
markcompact,end,2,804175,1340064350705
scavenge,begin,2,804175,1340064415510
scavenge,end,2,804175,1340064415510
markcompact,begin,2,804175,1340064415510
markcompact,end,2,812175,1340064415518
markcompact,begin,2,812175,1340064415518
markcompact,end,2,824176,1340064415534
scavenge,begin,2,828176,1340064480329
scavenge,end,2,828176,1340064480329
markcompact,begin,2,828176,1340064480329
markcompact,end,2,836177,1340064480337
markcompact,begin,2,836177,1340064480337
markcompact,end,2,852178,1340064480355
scavenge,begin,2,852178,1340064545163
scavenge,end,2,852178,1340064545163
markcompact,begin,2,852178,1340064545163
markcompact,end,2,856178,1340064545172
markcompact,begin,2,856178,1340064545172
markcompact,end,2,876179,1340064545190
scavenge,begin,2,876179,1340064609965
scavenge,end,2,876179,1340064609965
markcompact,begin,2,876179,1340064609965
markcompact,end,2,884180,1340064609972
markcompact,begin,2,884180,1340064609972
markcompact,end,2,896181,1340064609985
scavenge,begin,2,896181,1340064674772
scavenge,end,2,896181,1340064674773
markcompact,begin,2,896181,1340064674773
markcompact,end,2,904181,1340064674781
markcompact,begin,2,904181,1340064674781
markcompact,end,2,920182,1340064674795
scavenge,begin,2,920182,1340064739599
scavenge,end,2,920182,1340064739600
markcompact,begin,2,920182,1340064739600
markcompact,end,2,928183,1340064739608
markcompact,begin,2,928183,1340064739608
markcompact,end,2,944184,1340064739626
scavenge,begin,2,944184,1340064804427
scavenge,end,2,944184,1340064804427
markcompact,begin,2,944184,1340064804427
markcompact,end,2,948184,1340064804433
markcompact,begin,2,948184,1340064804433
markcompact,end,2,964185,1340064804451
scavenge,begin,2,964185,1340064869223
scavenge,end,2,968185,1340064869224
markcompact,begin,2,968185,1340064869224
markcompact,end,2,976186,1340064869232
markcompact,begin,2,976186,1340064869232
markcompact,end,2,988186,1340064869245
scavenge,begin,2,988186,1340064934053
scavenge,end,2,988186,1340064934053
markcompact,begin,2,988186,1340064934053
markcompact,end,2,996187,1340064934061
markcompact,begin,2,996187,1340064934061
markcompact,end,3,12188,1340064934077
scavenge,begin,3,12188,1340064998872
scavenge,end,3,12188,1340064998872
markcompact,begin,3,12188,1340064998872
markcompact,end,3,20188,1340064998880
markcompact,begin,3,20188,1340064998880
markcompact,end,3,32189,1340064998893
scavenge,begin,3,32189,1340065063689
scavenge,end,3,32189,1340065063689
markcompact,begin,3,32189,1340065063690
markcompact,end,3,40190,1340065063698
markcompact,begin,3,40190,1340065063698
markcompact,end,3,56191,1340065063713
scavenge,begin,3,56191,1340065128470
scavenge,end,3,56191,1340065128471
markcompact,begin,3,56191,1340065128471
markcompact,end,3,64191,1340065128476
markcompact,begin,3,64191,1340065128476
markcompact,end,3,76192,1340065128489
scavenge,begin,3,76192,1340065193282
scavenge,end,3,76192,1340065193282
markcompact,begin,3,76192,1340065193282
markcompact,end,3,84192,1340065193290
markcompact,begin,3,84192,1340065193290
markcompact,end,3,104194,1340065193309
scavenge,begin,3,104194,1340065258117
scavenge,end,3,104194,1340065258117
markcompact,begin,3,104194,1340065258119
markcompact,end,3,112194,1340065258127
markcompact,begin,3,112194,1340065258127
markcompact,end,3,128195,1340065258145
scavenge,begin,3,128195,1340065322929
scavenge,end,3,128195,1340065322929
markcompact,begin,3,128195,1340065322929
markcompact,end,3,136196,1340065322937
markcompact,begin,3,136196,1340065322937
markcompact,end,3,148196,1340065322951
scavenge,begin,3,148196,1340065387736
scavenge,end,3,148196,1340065387736
markcompact,begin,3,148196,1340065387736
markcompact,end,3,152197,1340065387745
markcompact,begin,3,152197,1340065387745
markcompact,end,3,168198,1340065387761
scavenge,begin,3,168198,1340065452569
scavenge,end,3,168198,1340065452569
markcompact,begin,3,168198,1340065452569
markcompact,end,3,176198,1340065452577
markcompact,begin,3,180198,1340065452577
markcompact,end,3,196199,1340065452595
scavenge,begin,3,196199,1340065517399
scavenge,end,3,196199,1340065517399
markcompact,begin,3,196199,1340065517400
markcompact,end,3,204200,1340065517408
markcompact,begin,3,204200,1340065517408
markcompact,end,3,220201,1340065517423
scavenge,begin,3,220201,1340065582219
scavenge,end,3,220201,1340065582219
markcompact,begin,3,220201,1340065582219
markcompact,end,3,228201,1340065582227
markcompact,begin,3,228201,1340065582227
markcompact,end,3,244202,1340065582244
scavenge,begin,3,244202,1340065647052
scavenge,end,3,244202,1340065647053
markcompact,begin,3,244202,1340065647053
markcompact,end,3,252203,1340065647061
markcompact,begin,3,256203,1340065647061
markcompact,end,3,268204,1340065647074
scavenge,begin,3,268204,1340065711857
scavenge,end,3,268204,1340065711858
markcompact,begin,3,268204,1340065711858
markcompact,end,3,276204,1340065711866
markcompact,begin,3,276204,1340065711866
markcompact,end,3,292205,1340065711881
scavenge,begin,3,292205,1340065776668
scavenge,end,3,292205,1340065776668
markcompact,begin,3,292205,1340065776668
markcompact,end,3,300206,1340065776676
markcompact,begin,3,300206,1340065776676
markcompact,end,3,316207,1340065776693
scavenge,begin,3,316207,1340065841477
scavenge,end,3,316207,1340065841478
markcompact,begin,3,316207,1340065841478
markcompact,end,3,320207,1340065841482
markcompact,begin,3,324207,1340065841482
markcompact,end,3,336208,1340065841495
scavenge,begin,3,336208,1340065906289
scavenge,end,3,336208,1340065906289
markcompact,begin,3,336208,1340065906289
markcompact,end,3,340208,1340065906294
markcompact,begin,3,340208,1340065906294
markcompact,end,3,352209,1340065906307
scavenge,begin,3,352209,1340065971099
scavenge,end,3,352209,1340065971099
markcompact,begin,3,352209,1340065971100
markcompact,end,3,356209,1340065971105
markcompact,begin,3,356209,1340065971105
markcompact,end,3,368210,1340065971119
scavenge,begin,3,368210,1340066035905
scavenge,end,3,368210,1340066035905
markcompact,begin,3,368210,1340066035905
markcompact,end,3,372210,1340066035911
markcompact,begin,3,372210,1340066035911
markcompact,end,3,388211,1340066035928
scavenge,begin,3,388211,1340066100735
scavenge,end,3,388211,1340066100735
markcompact,begin,3,388211,1340066100735
markcompact,end,3,392212,1340066100740
markcompact,begin,3,396212,1340066100740
markcompact,end,3,408213,1340066100754
scavenge,begin,3,408213,1340066165557
scavenge,end,3,408213,1340066165557
markcompact,begin,3,408213,1340066165557
markcompact,end,3,416213,1340066165565
markcompact,begin,3,416213,1340066165565
markcompact,end,3,432214,1340066165579
scavenge,begin,3,432214,1340066230383
scavenge,end,3,432214,1340066230383
markcompact,begin,3,432214,1340066230383
markcompact,end,3,440215,1340066230392
markcompact,begin,3,440215,1340066230392
markcompact,end,3,456216,1340066230410
scavenge,begin,3,456216,1340066295216
scavenge,end,3,456216,1340066295217
markcompact,begin,3,456216,1340066295217
markcompact,end,3,464216,1340066295225
markcompact,begin,3,464216,1340066295225
markcompact,end,3,480217,1340066295239
scavenge,begin,3,480217,1340066360027
scavenge,end,3,480217,1340066360027
markcompact,begin,3,480217,1340066360027
markcompact,end,3,488218,1340066360035
markcompact,begin,3,488218,1340066360035
markcompact,end,3,504219,1340066360050
scavenge,begin,3,504219,1340066424835
scavenge,end,3,504219,1340066424835
markcompact,begin,3,504219,1340066424835
markcompact,end,3,508219,1340066424841
markcompact,begin,3,508219,1340066424841
markcompact,end,3,524220,1340066424855
scavenge,begin,3,524220,1340066489663
scavenge,end,3,524220,1340066489663
markcompact,begin,3,524220,1340066489663
markcompact,end,3,528220,1340066489668
markcompact,begin,3,528220,1340066489668
markcompact,end,3,544221,1340066489683
scavenge,begin,3,544221,1340066554477
scavenge,end,3,544221,1340066554477
markcompact,begin,3,544221,1340066554478
markcompact,end,3,552222,1340066554485
markcompact,begin,3,552222,1340066554485
markcompact,end,3,572223,1340066554505
scavenge,begin,3,572223,1340066619304
scavenge,end,3,572223,1340066619305
markcompact,begin,3,572223,1340066619305
markcompact,end,3,580223,1340066619312
markcompact,begin,3,580223,1340066619312
markcompact,end,3,592224,1340066619325
scavenge,begin,3,592224,1340066684113
scavenge,end,3,592224,1340066684114
markcompact,begin,3,592224,1340066684114
markcompact,end,3,600225,1340066684122
markcompact,begin,3,600225,1340066684122
markcompact,end,3,620226,1340066684141
scavenge,begin,3,620226,1340066748945
scavenge,end,3,620226,1340066748946
markcompact,begin,3,620226,1340066748946
markcompact,end,3,628226,1340066748954
markcompact,begin,3,628226,1340066748954
markcompact,end,3,644227,1340066748969
scavenge,begin,3,644227,1340066813775
scavenge,end,3,644227,1340066813775
markcompact,begin,3,644227,1340066813775
markcompact,end,3,652228,1340066813784
markcompact,begin,3,652228,1340066813784
markcompact,end,3,668229,1340066813799
scavenge,begin,3,668229,1340066878578
scavenge,end,3,668229,1340066878578
markcompact,begin,3,668229,1340066878578
markcompact,end,3,676229,1340066878586
markcompact,begin,3,676229,1340066878586
markcompact,end,3,696231,1340066878608
scavenge,begin,3,696231,1340066943360
scavenge,end,3,696231,1340066943360
markcompact,begin,3,696231,1340066943360
markcompact,end,3,704231,1340066943368
markcompact,begin,3,704231,1340066943368
markcompact,end,3,720232,1340066943382
scavenge,begin,3,720232,1340067008153
scavenge,end,3,720232,1340067008153
markcompact,begin,3,720232,1340067008153
markcompact,end,3,728233,1340067008161
markcompact,begin,3,728233,1340067008162
markcompact,end,3,744234,1340067008179
scavenge,begin,3,748234,1340067072985
scavenge,end,3,748234,1340067072985
markcompact,begin,3,748234,1340067072985
markcompact,end,3,756234,1340067072994
markcompact,begin,3,756234,1340067072994
markcompact,end,3,768235,1340067073007
scavenge,begin,3,768235,1340067137816
scavenge,end,3,768235,1340067137816
markcompact,begin,3,768235,1340067137816
markcompact,end,3,776236,1340067137822
markcompact,begin,3,776236,1340067137822
markcompact,end,3,792237,1340067137837
scavenge,begin,3,792237,1340067202628
scavenge,end,3,792237,1340067202628
markcompact,begin,3,792237,1340067202628
markcompact,end,3,800237,1340067202636
markcompact,begin,3,800237,1340067202636
markcompact,end,3,816238,1340067202652
